SF:lib/features/home/data/datasources/fetch_list_moteis_datasource.dart
DA:13,1
DA:15,1
DA:18,4
DA:20,2
DA:21,2
DA:23,1
DA:26,2
LF:7
LH:7
end_of_record
SF:lib/features/home/data/models/motel_item_model.dart
DA:10,1
DA:18,1
DA:19,1
DA:20,1
DA:21,1
DA:22,1
DA:23,2
DA:24,5
DA:34,1
DA:40,1
DA:41,1
DA:42,1
DA:43,2
DA:44,2
DA:46,2
DA:47,1
DA:48,4
DA:49,1
DA:56,1
DA:57,1
DA:58,2
DA:59,3
DA:60,1
LF:23
LH:23
end_of_record
SF:lib/config/mock_http_client.dart
DA:6,1
DA:8,1
DA:10,4
DA:11,0
DA:13,1
DA:14,2
DA:15,1
DA:16,1
LF:8
LH:7
end_of_record
SF:lib/main.dart
DA:3,0
DA:4,0
DA:8,2
DA:10,1
DA:12,1
DA:14,1
DA:15,1
DA:24,1
DA:28,1
DA:29,1
DA:35,1
DA:36,2
DA:37,2
DA:41,1
DA:43,1
DA:44,1
DA:45,3
DA:46,3
DA:48,1
DA:49,1
DA:51,1
DA:55,1
DA:56,2
DA:57,3
DA:62,1
DA:63,1
LF:26
LH:24
end_of_record
